c:\users\kadeem caines\downloads\lab02 (2)\lab02\lab_framework\build\debug\vc142.pdb
c:\users\kadeem caines\downloads\lab02 (2)\lab02\lab_framework\build\debug\vc142.idb
c:\users\kadeem caines\downloads\lab02 (2)\lab02\lab_framework\build\debug\objectloader.obj
c:\users\kadeem caines\downloads\lab02 (2)\lab02\lab_framework\build\debug\lab02.obj
c:\users\kadeem caines\downloads\lab02 (2)\lab02\lab_framework\vs2017\/../bin/labs-debug.pdb
c:\users\kadeem caines\downloads\lab02 (2)\lab02\lab_framework\build\debug\labs.tlog\cl.command.1.tlog
c:\users\kadeem caines\downloads\lab02 (2)\lab02\lab_framework\build\debug\labs.tlog\cl.read.1.tlog
c:\users\kadeem caines\downloads\lab02 (2)\lab02\lab_framework\build\debug\labs.tlog\cl.write.1.tlog
c:\users\kadeem caines\downloads\lab02 (2)\lab02\lab_framework\build\debug\labs.tlog\link-cvtres.read.1.tlog
c:\users\kadeem caines\downloads\lab02 (2)\lab02\lab_framework\build\debug\labs.tlog\link-cvtres.write.1.tlog
c:\users\kadeem caines\downloads\lab02 (2)\lab02\lab_framework\build\debug\labs.tlog\link-rc.read.1.tlog
c:\users\kadeem caines\downloads\lab02 (2)\lab02\lab_framework\build\debug\labs.tlog\link-rc.write.1.tlog
c:\users\kadeem caines\downloads\lab02 (2)\lab02\lab_framework\build\debug\labs.tlog\link.15576-cvtres.read.1.tlog
c:\users\kadeem caines\downloads\lab02 (2)\lab02\lab_framework\build\debug\labs.tlog\link.15576-cvtres.write.1.tlog
c:\users\kadeem caines\downloads\lab02 (2)\lab02\lab_framework\build\debug\labs.tlog\link.15576-rc.read.1.tlog
c:\users\kadeem caines\downloads\lab02 (2)\lab02\lab_framework\build\debug\labs.tlog\link.15576-rc.write.1.tlog
c:\users\kadeem caines\downloads\lab02 (2)\lab02\lab_framework\build\debug\labs.tlog\link.15576.read.1.tlog
c:\users\kadeem caines\downloads\lab02 (2)\lab02\lab_framework\build\debug\labs.tlog\link.15576.write.1.tlog
c:\users\kadeem caines\downloads\lab02 (2)\lab02\lab_framework\build\debug\labs.tlog\link.command.1.tlog
c:\users\kadeem caines\downloads\lab02 (2)\lab02\lab_framework\build\debug\labs.tlog\link.read.1.tlog
c:\users\kadeem caines\downloads\lab02 (2)\lab02\lab_framework\build\debug\labs.tlog\link.write.1.tlog
